<!DOCTYPE html PUBLIC "-//W3C//DTD XHTML 1.1//EN" "http://www.w3.org/TR/xhtml11/DTD/xhtml11.dtd">
<html xmlns="http://www.w3.org/1999/xhtml"><head><title>TestNG Report</title><style type="text/css">table {margin-bottom:10px;border-collapse:collapse;empty-cells:show}th,td {border:1px solid #009;padding:.25em .5em}th {vertical-align:bottom}td {vertical-align:top}table a {font-weight:bold}.stripe td {background-color: #E6EBF9}.num {text-align:right}.passedodd td {background-color: #3F3}.passedeven td {background-color: #0A0}.skippedodd td {background-color: #DDD}.skippedeven td {background-color: #CCC}.failedodd td,.attn {background-color: #F33}.failedeven td,.stripe .attn {background-color: #D00}.stacktrace {white-space:pre;font-family:monospace}.totop {font-size:85%;text-align:center;border-bottom:2px solid #000}</style></head><body><table><tr><th>Test</th><th># Passed</th><th># Skipped</th><th># Failed</th><th>Time (ms)</th><th>Included Groups</th><th>Excluded Groups</th></tr><tr><th colspan="7">Suite</th></tr><tr><td><a href="#t0">StandAloneTest</a></td><td class="num">3</td><td class="num">0</td><td class="num">0</td><td class="num">38,019</td><td></td><td></td></tr><tr class="stripe"><td><a href="#t1">NegativeTesting</a></td><td class="num">1</td><td class="num attn">2</td><td class="num attn">1</td><td class="num">34,308</td><td></td><td></td></tr><tr><th>Total</th><th class="num">4</th><th class="num attn">2</th><th class="num attn">1</th><th class="num">72,327</th><th colspan="2"></th></tr></table><table id='summary'><thead><tr><th>Class</th><th>Method</th><th>Start</th><th>Time (ms)</th></tr></thead><tbody><tr><th colspan="4">Suite</th></tr></tbody><tbody id="t0"><tr><th colspan="4">StandAloneTest &#8212; passed</th></tr><tr class="passedeven"><td rowspan="3">KarthigaAcademy.product.StandAloneTest</td><td><a href="#m0">OrderHistory</a></td><td rowspan="1">1695220049555</td><td rowspan="1">1239</td></tr><tr class="passedeven"><td><a href="#m1">submitOrderForSelectedProduct</a></td><td rowspan="2">1695220021835</td><td rowspan="2">6853</td></tr><tr class="passedeven"><td><a href="#m2">submitOrderForSelectedProduct</a></td></tr></tbody><tbody id="t1"><tr><th colspan="4">NegativeTesting &#8212; failed (configuration methods)</th></tr><tr class="failedeven"><td rowspan="1">KarthigaAcademy.product.ErrorMessageValidationTest</td><td><a href="#m3">tearDown</a></td><td rowspan="1">1695220085736</td><td rowspan="1">10</td></tr><tr><th colspan="4">NegativeTesting &#8212; failed</th></tr><tr class="failedeven"><td rowspan="1">KarthigaAcademy.product.ErrorMessageValidationTest</td><td><a href="#m4">submitOrder</a></td><td rowspan="1">1695220085666</td><td rowspan="1">35</td></tr><tr><th colspan="4">NegativeTesting &#8212; skipped</th></tr><tr class="skippedeven"><td rowspan="2">KarthigaAcademy.product.ErrorMessageValidationTest</td><td><a href="#m5">submitOrder</a></td><td rowspan="2">1695220078166</td><td rowspan="2">1132</td></tr><tr class="skippedeven"><td><a href="#m6">submitOrder</a></td></tr><tr><th colspan="4">NegativeTesting &#8212; passed</th></tr><tr class="passedeven"><td rowspan="1">KarthigaAcademy.product.ErrorMessageValidationTest</td><td><a href="#m7">productErrorValidation</a></td><td rowspan="1">1695220058601</td><td rowspan="1">3611</td></tr></tbody></table><h2>StandAloneTest</h2><h3 id="m0">KarthigaAcademy.product.StandAloneTest#OrderHistory</h3><table class="result"></table><p class="totop"><a href="#summary">back to summary</a></p><h3 id="m1">KarthigaAcademy.product.StandAloneTest#submitOrderForSelectedProduct</h3><table class="result"><tr class="param"><th>Parameter #1</th></tr><tr class="param stripe"><td>{password=Wolf123@, product=ZARA COAT 3, email=karthi.kcube2006@gmail.com}</td></tr></table><p class="totop"><a href="#summary">back to summary</a></p><h3 id="m2">KarthigaAcademy.product.StandAloneTest#submitOrderForSelectedProduct</h3><table class="result"><tr class="param"><th>Parameter #1</th></tr><tr class="param stripe"><td>{password=Wisdom123@, product=ADIDAS ORIGINAL, email=logu.rangan@gmail.com}</td></tr></table><p class="totop"><a href="#summary">back to summary</a></p><h2>NegativeTesting</h2><h3 id="m3">KarthigaAcademy.product.ErrorMessageValidationTest#tearDown</h3><table class="result"><tr><th>Exception</th></tr><tr><td><div class="stacktrace">org.openqa.selenium.WebDriverException: disconnected: not connected to DevTools
  (failed to check if window was closed: disconnected: not connected to DevTools)
  (Session info: chrome=116.0.5845.188)
Build info: version: &apos;4.11.0&apos;, revision: &apos;040bc5406b&apos;
System info: os.name: &apos;Windows 10&apos;, os.arch: &apos;amd64&apos;, os.version: &apos;10.0&apos;, java.version: &apos;11.0.14&apos;
Driver info: org.openqa.selenium.chrome.ChromeDriver
Command: [4a1b6b8f1a0fd8f536d571a841eec4ef, close {}]
Capabilities {acceptInsecureCerts: false, browserName: chrome, browserVersion: 116.0.5845.188, chrome: {chromedriverVersion: 116.0.5845.96 (1a3918166880..., userDataDir: C:\Users\VISHAKAN\AppData\L...}, fedcm:accounts: true, goog:chromeOptions: {debuggerAddress: localhost:60709}, networkConnectionEnabled: false, pageLoadStrategy: normal, platformName: windows, proxy: Proxy(), se:cdp: ws://localhost:60709/devtoo..., se:cdpVersion: 116.0.5845.188, setWindowRect: true, strictFileInteractability: false, timeouts: {implicit: 0, pageLoad: 300000, script: 30000}, unhandledPromptBehavior: dismiss and notify, webauthn:extension:credBlob: true, webauthn:extension:largeBlob: true, webauthn:extension:minPinLength: true, webauthn:extension:prf: true, webauthn:virtualAuthenticators: true}
Session ID: 4a1b6b8f1a0fd8f536d571a841eec4ef
	at org.openqa.selenium.remote.codec.w3c.W3CHttpResponseCodec.createException(W3CHttpResponseCodec.java:200)
	at org.openqa.selenium.remote.codec.w3c.W3CHttpResponseCodec.decode(W3CHttpResponseCodec.java:133)
	at org.openqa.selenium.remote.codec.w3c.W3CHttpResponseCodec.decode(W3CHttpResponseCodec.java:52)
	at org.openqa.selenium.remote.HttpCommandExecutor.execute(HttpCommandExecutor.java:191)
	at org.openqa.selenium.remote.service.DriverCommandExecutor.invokeExecute(DriverCommandExecutor.java:196)
	at org.openqa.selenium.remote.service.DriverCommandExecutor.execute(DriverCommandExecutor.java:171)
	at org.openqa.selenium.remote.RemoteWebDriver.execute(RemoteWebDriver.java:518)
	at org.openqa.selenium.remote.RemoteWebDriver.execute(RemoteWebDriver.java:591)
	at org.openqa.selenium.remote.RemoteWebDriver.execute(RemoteWebDriver.java:595)
	at org.openqa.selenium.remote.RemoteWebDriver.close(RemoteWebDriver.java:405)
	at KarthigaAcademy.testcomponents.BaseTest.tearDown(BaseTest.java:93)
... Removed 31 stack frames</div></td></tr></table><p class="totop"><a href="#summary">back to summary</a></p><h3 id="m4">KarthigaAcademy.product.ErrorMessageValidationTest#submitOrder</h3><table class="result"><tr><th>Exception</th></tr><tr><td><div class="stacktrace">org.openqa.selenium.NoSuchWindowException: no such window: target window already closed
from unknown error: web view not found
  (Session info: chrome=116.0.5845.188)
Build info: version: &apos;4.11.0&apos;, revision: &apos;040bc5406b&apos;
System info: os.name: &apos;Windows 10&apos;, os.arch: &apos;amd64&apos;, os.version: &apos;10.0&apos;, java.version: &apos;11.0.14&apos;
Driver info: org.openqa.selenium.chrome.ChromeDriver
Command: [4a1b6b8f1a0fd8f536d571a841eec4ef, findElement {using=css selector, value=input#userEmail}]
Capabilities {acceptInsecureCerts: false, browserName: chrome, browserVersion: 116.0.5845.188, chrome: {chromedriverVersion: 116.0.5845.96 (1a3918166880..., userDataDir: C:\Users\VISHAKAN\AppData\L...}, fedcm:accounts: true, goog:chromeOptions: {debuggerAddress: localhost:60709}, networkConnectionEnabled: false, pageLoadStrategy: normal, platformName: windows, proxy: Proxy(), se:cdp: ws://localhost:60709/devtoo..., se:cdpVersion: 116.0.5845.188, setWindowRect: true, strictFileInteractability: false, timeouts: {implicit: 0, pageLoad: 300000, script: 30000}, unhandledPromptBehavior: dismiss and notify, webauthn:extension:credBlob: true, webauthn:extension:largeBlob: true, webauthn:extension:minPinLength: true, webauthn:extension:prf: true, webauthn:virtualAuthenticators: true}
Session ID: 4a1b6b8f1a0fd8f536d571a841eec4ef
	at org.openqa.selenium.remote.codec.w3c.W3CHttpResponseCodec.createException(W3CHttpResponseCodec.java:200)
	at org.openqa.selenium.remote.codec.w3c.W3CHttpResponseCodec.decode(W3CHttpResponseCodec.java:133)
	at org.openqa.selenium.remote.codec.w3c.W3CHttpResponseCodec.decode(W3CHttpResponseCodec.java:52)
	at org.openqa.selenium.remote.HttpCommandExecutor.execute(HttpCommandExecutor.java:191)
	at org.openqa.selenium.remote.service.DriverCommandExecutor.invokeExecute(DriverCommandExecutor.java:196)
	at org.openqa.selenium.remote.service.DriverCommandExecutor.execute(DriverCommandExecutor.java:171)
	at org.openqa.selenium.remote.RemoteWebDriver.execute(RemoteWebDriver.java:518)
	at org.openqa.selenium.remote.ElementLocation$ElementFinder$2.findElement(ElementLocation.java:165)
	at org.openqa.selenium.remote.ElementLocation.findElement(ElementLocation.java:59)
	at org.openqa.selenium.remote.RemoteWebDriver.findElement(RemoteWebDriver.java:355)
	at org.openqa.selenium.remote.RemoteWebDriver.findElement(RemoteWebDriver.java:349)
	at org.openqa.selenium.support.pagefactory.DefaultElementLocator.findElement(DefaultElementLocator.java:68)
	at org.openqa.selenium.support.pagefactory.internal.LocatingElementHandler.invoke(LocatingElementHandler.java:38)
	at com.sun.proxy.$Proxy19.sendKeys(Unknown Source)
	at karthigaacademy.pageobjects.LandingPage.loginToApplication(LandingPage.java:35)
	at KarthigaAcademy.product.ErrorMessageValidationTest.submitOrder(ErrorMessageValidationTest.java:21)
... Removed 29 stack frames</div></td></tr></table><p class="totop"><a href="#summary">back to summary</a></p><h3 id="m5">KarthigaAcademy.product.ErrorMessageValidationTest#submitOrder</h3><table class="result"><tr><th>Exception</th></tr><tr><td><div class="stacktrace">java.lang.AssertionError: expected [Incorrect email or password.] but found [Incorrect emai or password.]
	at KarthigaAcademy.product.ErrorMessageValidationTest.submitOrder(ErrorMessageValidationTest.java:22)
... Removed 31 stack frames</div></td></tr></table><p class="totop"><a href="#summary">back to summary</a></p><h3 id="m6">KarthigaAcademy.product.ErrorMessageValidationTest#submitOrder</h3><table class="result"><tr><th>Exception</th></tr><tr><td><div class="stacktrace">java.lang.AssertionError: expected [Incorrect email or password.] but found [Incorrect emai or password.]
	at KarthigaAcademy.product.ErrorMessageValidationTest.submitOrder(ErrorMessageValidationTest.java:22)
... Removed 31 stack frames</div></td></tr></table><p class="totop"><a href="#summary">back to summary</a></p><h3 id="m7">KarthigaAcademy.product.ErrorMessageValidationTest#productErrorValidation</h3><table class="result"></table><p class="totop"><a href="#summary">back to summary</a></p></body></html>